
 /----------------------------------------------------------------------------\
 |                                                                            |
 |  yosys -- Yosys Open SYnthesis Suite                                       |
 |                                                                            |
 |  Copyright (C) 2012 - 2020  Claire Xenia Wolf <claire@yosyshq.com>         |
 |                                                                            |
 |  Permission to use, copy, modify, and/or distribute this software for any  |
 |  purpose with or without fee is hereby granted, provided that the above    |
 |  copyright notice and this permission notice appear in all copies.         |
 |                                                                            |
 |  THE SOFTWARE IS PROVIDED "AS IS" AND THE AUTHOR DISCLAIMS ALL WARRANTIES  |
 |  WITH REGARD TO THIS SOFTWARE INCLUDING ALL IMPLIED WARRANTIES OF          |
 |  MERCHANTABILITY AND FITNESS. IN NO EVENT SHALL THE AUTHOR BE LIABLE FOR   |
 |  ANY SPECIAL, DIRECT, INDIRECT, OR CONSEQUENTIAL DAMAGES OR ANY DAMAGES    |
 |  WHATSOEVER RESULTING FROM LOSS OF USE, DATA OR PROFITS, WHETHER IN AN     |
 |  ACTION OF CONTRACT, NEGLIGENCE OR OTHER TORTIOUS ACTION, ARISING OUT OF   |
 |  OR IN CONNECTION WITH THE USE OR PERFORMANCE OF THIS SOFTWARE.            |
 |                                                                            |
 \----------------------------------------------------------------------------/

 Yosys 0.30+48 (git sha1 14d50a176d5, gcc 8.3.1 -fPIC -Os)

[TCL: yosys -import] Command name collision: found pre-existing command `cd' -> skip.
[TCL: yosys -import] Command name collision: found pre-existing command `eval' -> skip.
[TCL: yosys -import] Command name collision: found pre-existing command `exec' -> skip.
[TCL: yosys -import] Command name collision: found pre-existing command `read' -> skip.
[TCL: yosys -import] Command name collision: found pre-existing command `trace' -> skip.

1. Executing Verilog-2005 frontend: /home/nitis/OpenLane/designs/axi_aes_sbox/src/axi_lite_slave.v
Parsing SystemVerilog input from `/home/nitis/OpenLane/designs/axi_aes_sbox/src/axi_lite_slave.v' to AST representation.
Generating RTLIL representation for module `\axi_lite_slave'.
Warning: reg '\s_axi_rresp' is assigned in a continuous assignment at /home/nitis/OpenLane/designs/axi_aes_sbox/src/axi_lite_slave.v:45.12-45.33.
Successfully finished Verilog frontend.

2. Executing Verilog-2005 frontend: /home/nitis/OpenLane/designs/axi_aes_sbox/src/aes_core_32bit.v
Parsing SystemVerilog input from `/home/nitis/OpenLane/designs/axi_aes_sbox/src/aes_core_32bit.v' to AST representation.
Generating RTLIL representation for module `\aes_core_32bit'.
Successfully finished Verilog frontend.

3. Executing Verilog-2005 frontend: /home/nitis/OpenLane/designs/axi_aes_sbox/src/aes_sbox_gf.v
Parsing SystemVerilog input from `/home/nitis/OpenLane/designs/axi_aes_sbox/src/aes_sbox_gf.v' to AST representation.
Generating RTLIL representation for module `\aes_sbox_gf'.
Successfully finished Verilog frontend.

4. Generating Graphviz representation of design.
Writing dot description to `/home/nitis/OpenLane/designs/axi_aes_sbox/runs/final_clean_run/tmp/synthesis/hierarchy.dot'.
Dumping module axi_lite_slave to page 1.

5. Executing HIERARCHY pass (managing design hierarchy).

5.1. Analyzing design hierarchy..
Top module:  \axi_lite_slave
Used module:     \aes_core_32bit
Used module:         \aes_sbox_gf

5.2. Analyzing design hierarchy..
Top module:  \axi_lite_slave
Used module:     \aes_core_32bit
Used module:         \aes_sbox_gf
Removed 0 unused modules.

6. Executing TRIBUF pass.

7. Executing HIERARCHY pass (managing design hierarchy).

7.1. Analyzing design hierarchy..
Top module:  \axi_lite_slave
Used module:     \aes_core_32bit
Used module:         \aes_sbox_gf

7.2. Analyzing design hierarchy..
Top module:  \axi_lite_slave
Used module:     \aes_core_32bit
Used module:         \aes_sbox_gf
Removed 0 unused modules.

8. Executing PROC_CLEAN pass (remove empty switches from decision trees).
Cleaned up 0 empty switches.

9. Executing PROC_RMDEAD pass (remove dead branches from decision trees).
Marked 3 switch rules as full_case in process $proc$/home/nitis/OpenLane/designs/axi_aes_sbox/src/axi_lite_slave.v:102$14 in module axi_lite_slave.
Marked 2 switch rules as full_case in process $proc$/home/nitis/OpenLane/designs/axi_aes_sbox/src/axi_lite_slave.v:64$7 in module axi_lite_slave.
Marked 2 switch rules as full_case in process $proc$/home/nitis/OpenLane/designs/axi_aes_sbox/src/axi_lite_slave.v:53$6 in module axi_lite_slave.
Marked 1 switch rules as full_case in process $proc$/home/nitis/OpenLane/designs/axi_aes_sbox/src/axi_lite_slave.v:48$4 in module axi_lite_slave.
Removed a total of 0 dead cases.

10. Executing PROC_PRUNE pass (remove redundant assignments in processes).
Removed 1 redundant assignment.
Promoted 1 assignment to connection.

11. Executing PROC_INIT pass (extract init attributes).

12. Executing PROC_ARST pass (detect async resets in processes).
Found async reset \rst_n in `\axi_lite_slave.$proc$/home/nitis/OpenLane/designs/axi_aes_sbox/src/axi_lite_slave.v:102$14'.
Found async reset \rst_n in `\axi_lite_slave.$proc$/home/nitis/OpenLane/designs/axi_aes_sbox/src/axi_lite_slave.v:64$7'.
Found async reset \rst_n in `\axi_lite_slave.$proc$/home/nitis/OpenLane/designs/axi_aes_sbox/src/axi_lite_slave.v:48$4'.

13. Executing PROC_ROM pass (convert switches to ROMs).
Converted 0 switches.
<suppressed ~10 debug messages>

14. Executing PROC_MUX pass (convert decision trees to multiplexers).
Creating decoders for process `\axi_lite_slave.$proc$/home/nitis/OpenLane/designs/axi_aes_sbox/src/axi_lite_slave.v:102$14'.
     1/2: $0\s_axi_rvalid[0:0]
     2/2: $0\s_axi_rdata[31:0]
Creating decoders for process `\axi_lite_slave.$proc$/home/nitis/OpenLane/designs/axi_aes_sbox/src/axi_lite_slave.v:64$7'.
     1/7: $0\reg_status[31:0] [31:2]
     2/7: $0\reg_status[31:0] [1]
     3/7: $0\reg_status[31:0] [0]
     4/7: $0\reg_control[31:0] [0]
     5/7: $0\reg_control[31:0] [31:1]
     6/7: $0\reg_in_data[31:0]
     7/7: $0\s_axi_bvalid[0:0]
Creating decoders for process `\axi_lite_slave.$proc$/home/nitis/OpenLane/designs/axi_aes_sbox/src/axi_lite_slave.v:53$6'.
     1/2: $2\next_state[1:0]
     2/2: $1\next_state[1:0]
Creating decoders for process `\axi_lite_slave.$proc$/home/nitis/OpenLane/designs/axi_aes_sbox/src/axi_lite_slave.v:48$4'.
     1/1: $0\current_state[1:0]

15. Executing PROC_DLATCH pass (convert process syncs to latches).
No latch inferred for signal `\axi_lite_slave.\next_state' from process `\axi_lite_slave.$proc$/home/nitis/OpenLane/designs/axi_aes_sbox/src/axi_lite_slave.v:53$6'.

16. Executing PROC_DFF pass (convert process syncs to FFs).
Creating register for signal `\axi_lite_slave.\s_axi_rdata' using process `\axi_lite_slave.$proc$/home/nitis/OpenLane/designs/axi_aes_sbox/src/axi_lite_slave.v:102$14'.
  created $adff cell `$procdff$260' with positive edge clock and negative level reset.
Creating register for signal `\axi_lite_slave.\s_axi_rvalid' using process `\axi_lite_slave.$proc$/home/nitis/OpenLane/designs/axi_aes_sbox/src/axi_lite_slave.v:102$14'.
  created $adff cell `$procdff$261' with positive edge clock and negative level reset.
Creating register for signal `\axi_lite_slave.\s_axi_bvalid' using process `\axi_lite_slave.$proc$/home/nitis/OpenLane/designs/axi_aes_sbox/src/axi_lite_slave.v:64$7'.
  created $adff cell `$procdff$262' with positive edge clock and negative level reset.
Creating register for signal `\axi_lite_slave.\reg_in_data' using process `\axi_lite_slave.$proc$/home/nitis/OpenLane/designs/axi_aes_sbox/src/axi_lite_slave.v:64$7'.
  created $adff cell `$procdff$263' with positive edge clock and negative level reset.
Creating register for signal `\axi_lite_slave.\reg_control' using process `\axi_lite_slave.$proc$/home/nitis/OpenLane/designs/axi_aes_sbox/src/axi_lite_slave.v:64$7'.
  created $adff cell `$procdff$264' with positive edge clock and negative level reset.
Creating register for signal `\axi_lite_slave.\reg_status' using process `\axi_lite_slave.$proc$/home/nitis/OpenLane/designs/axi_aes_sbox/src/axi_lite_slave.v:64$7'.
  created $adff cell `$procdff$265' with positive edge clock and negative level reset.
Creating register for signal `\axi_lite_slave.\current_state' using process `\axi_lite_slave.$proc$/home/nitis/OpenLane/designs/axi_aes_sbox/src/axi_lite_slave.v:48$4'.
  created $adff cell `$procdff$266' with positive edge clock and negative level reset.

17. Executing PROC_MEMWR pass (convert process memory writes to cells).

18. Executing PROC_CLEAN pass (remove empty switches from decision trees).
Found and cleaned up 3 empty switches in `\axi_lite_slave.$proc$/home/nitis/OpenLane/designs/axi_aes_sbox/src/axi_lite_slave.v:102$14'.
Removing empty process `axi_lite_slave.$proc$/home/nitis/OpenLane/designs/axi_aes_sbox/src/axi_lite_slave.v:102$14'.
Found and cleaned up 5 empty switches in `\axi_lite_slave.$proc$/home/nitis/OpenLane/designs/axi_aes_sbox/src/axi_lite_slave.v:64$7'.
Removing empty process `axi_lite_slave.$proc$/home/nitis/OpenLane/designs/axi_aes_sbox/src/axi_lite_slave.v:64$7'.
Found and cleaned up 2 empty switches in `\axi_lite_slave.$proc$/home/nitis/OpenLane/designs/axi_aes_sbox/src/axi_lite_slave.v:53$6'.
Removing empty process `axi_lite_slave.$proc$/home/nitis/OpenLane/designs/axi_aes_sbox/src/axi_lite_slave.v:53$6'.
Removing empty process `axi_lite_slave.$proc$/home/nitis/OpenLane/designs/axi_aes_sbox/src/axi_lite_slave.v:48$4'.
Cleaned up 10 empty switches.

19. Executing CHECK pass (checking for obvious problems).
Checking module aes_sbox_gf...
Checking module aes_core_32bit...
Checking module axi_lite_slave...
Found and reported 0 problems.

20. Executing OPT_EXPR pass (perform const folding).
Optimizing module aes_sbox_gf.
Optimizing module aes_core_32bit.
Optimizing module axi_lite_slave.
<suppressed ~6 debug messages>

21. Executing FLATTEN pass (flatten design).
Deleting now unused module aes_sbox_gf.
Deleting now unused module aes_core_32bit.
<suppressed ~5 debug messages>

22. Executing OPT_EXPR pass (perform const folding).
Optimizing module axi_lite_slave.

23. Executing OPT_CLEAN pass (remove unused cells and wires).
Finding unused cells or wires in module \axi_lite_slave..
Removed 3 unused cells and 235 unused wires.
<suppressed ~4 debug messages>

24. Executing OPT pass (performing simple optimizations).

24.1. Executing OPT_EXPR pass (perform const folding).
Optimizing module axi_lite_slave.

24.2. Executing OPT_MERGE pass (detect identical cells).
Finding identical cells in module `\axi_lite_slave'.
<suppressed ~618 debug messages>
Removed a total of 206 cells.

24.3. Executing OPT_MUXTREE pass (detect dead branches in mux trees).
Running muxtree optimizer on module \axi_lite_slave..
  Creating internal representation of mux trees.
  Evaluating internal representation of mux trees.
  Analyzing evaluation results.
    dead port 2/2 on $mux $procmux$253.
Removed 1 multiplexer ports.
<suppressed ~8 debug messages>

24.4. Executing OPT_REDUCE pass (consolidate $*mux and $reduce_* inputs).
  Optimizing cells in module \axi_lite_slave.
    New ctrl vector for $pmux cell $procmux$222: { $procmux$221_CMP $auto$opt_reduce.cc:134:opt_pmux$268 }
  Optimizing cells in module \axi_lite_slave.
Performed a total of 1 changes.

24.5. Executing OPT_MERGE pass (detect identical cells).
Finding identical cells in module `\axi_lite_slave'.
Removed a total of 0 cells.

24.6. Executing OPT_DFF pass (perform DFF optimizations).

24.7. Executing OPT_CLEAN pass (remove unused cells and wires).
Finding unused cells or wires in module \axi_lite_slave..
Removed 0 unused cells and 190 unused wires.
<suppressed ~1 debug messages>

24.8. Executing OPT_EXPR pass (perform const folding).
Optimizing module axi_lite_slave.

24.9. Rerunning OPT passes. (Maybe there is more to do..)

24.10. Executing OPT_MUXTREE pass (detect dead branches in mux trees).
Running muxtree optimizer on module \axi_lite_slave..
  Creating internal representation of mux trees.
  Evaluating internal representation of mux trees.
  Analyzing evaluation results.
Removed 0 multiplexer ports.
<suppressed ~8 debug messages>

24.11. Executing OPT_REDUCE pass (consolidate $*mux and $reduce_* inputs).
  Optimizing cells in module \axi_lite_slave.
Performed a total of 0 changes.

24.12. Executing OPT_MERGE pass (detect identical cells).
Finding identical cells in module `\axi_lite_slave'.
Removed a total of 0 cells.

24.13. Executing OPT_DFF pass (perform DFF optimizations).

24.14. Executing OPT_CLEAN pass (remove unused cells and wires).
Finding unused cells or wires in module \axi_lite_slave..

24.15. Executing OPT_EXPR pass (perform const folding).
Optimizing module axi_lite_slave.

24.16. Finished OPT passes. (There is nothing left to do.)

25. Executing FSM pass (extract and optimize FSM).

25.1. Executing FSM_DETECT pass (finding FSMs in design).
Not marking axi_lite_slave.current_state as FSM state register:
    Circuit seems to be self-resetting.

25.2. Executing FSM_EXTRACT pass (extracting FSM from design).

25.3. Executing FSM_OPT pass (simple optimizations of FSMs).

25.4. Executing OPT_CLEAN pass (remove unused cells and wires).
Finding unused cells or wires in module \axi_lite_slave..

25.5. Executing FSM_OPT pass (simple optimizations of FSMs).

25.6. Executing FSM_RECODE pass (re-assigning FSM state encoding).

25.7. Executing FSM_INFO pass (dumping all available information on FSM cells).

25.8. Executing FSM_MAP pass (mapping FSMs to basic logic).

26. Executing OPT pass (performing simple optimizations).

26.1. Executing OPT_EXPR pass (perform const folding).
Optimizing module axi_lite_slave.

26.2. Executing OPT_MERGE pass (detect identical cells).
Finding identical cells in module `\axi_lite_slave'.
Removed a total of 0 cells.

26.3. Executing OPT_MUXTREE pass (detect dead branches in mux trees).
Running muxtree optimizer on module \axi_lite_slave..
  Creating internal representation of mux trees.
  Evaluating internal representation of mux trees.
  Analyzing evaluation results.
Removed 0 multiplexer ports.
<suppressed ~8 debug messages>

26.4. Executing OPT_REDUCE pass (consolidate $*mux and $reduce_* inputs).
  Optimizing cells in module \axi_lite_slave.
Performed a total of 0 changes.

26.5. Executing OPT_MERGE pass (detect identical cells).
Finding identical cells in module `\axi_lite_slave'.
Removed a total of 0 cells.

26.6. Executing OPT_DFF pass (perform DFF optimizations).
Adding EN signal on $procdff$266 ($adff) from module axi_lite_slave (D = \next_state, Q = \current_state).
Adding EN signal on $procdff$265 ($adff) from module axi_lite_slave (D = \reg_status [31:2], Q = \reg_status [31:2]).
Adding EN signal on $procdff$265 ($adff) from module axi_lite_slave (D = $0\reg_status[31:0] [1], Q = \reg_status [1]).
Adding EN signal on $procdff$265 ($adff) from module axi_lite_slave (D = $0\reg_status[31:0] [0], Q = \reg_status [0]).
Handling D = Q on $auto$ff.cc:266:slice$272 ($adffe) from module axi_lite_slave (removing D path).
Adding EN signal on $procdff$264 ($adff) from module axi_lite_slave (D = \reg_control [31:1], Q = \reg_control [31:1]).
Adding EN signal on $procdff$264 ($adff) from module axi_lite_slave (D = $0\reg_control[31:0] [0], Q = \reg_control [0]).
Handling D = Q on $auto$ff.cc:266:slice$281 ($adffe) from module axi_lite_slave (removing D path).
Adding EN signal on $procdff$263 ($adff) from module axi_lite_slave (D = \s_axi_wdata, Q = \reg_in_data).
Adding EN signal on $procdff$262 ($adff) from module axi_lite_slave (D = $0\s_axi_bvalid[0:0], Q = \s_axi_bvalid).
Adding EN signal on $procdff$261 ($adff) from module axi_lite_slave (D = $0\s_axi_rvalid[0:0], Q = \s_axi_rvalid).
Adding EN signal on $procdff$260 ($adff) from module axi_lite_slave (D = $procmux$212_Y, Q = \s_axi_rdata).
Setting constant 0-bit at position 0 on $auto$ff.cc:266:slice$281 ($dlatch) from module axi_lite_slave.
Setting constant 0-bit at position 1 on $auto$ff.cc:266:slice$281 ($dlatch) from module axi_lite_slave.
Setting constant 0-bit at position 2 on $auto$ff.cc:266:slice$281 ($dlatch) from module axi_lite_slave.
Setting constant 0-bit at position 3 on $auto$ff.cc:266:slice$281 ($dlatch) from module axi_lite_slave.
Setting constant 0-bit at position 4 on $auto$ff.cc:266:slice$281 ($dlatch) from module axi_lite_slave.
Setting constant 0-bit at position 5 on $auto$ff.cc:266:slice$281 ($dlatch) from module axi_lite_slave.
Setting constant 0-bit at position 6 on $auto$ff.cc:266:slice$281 ($dlatch) from module axi_lite_slave.
Setting constant 0-bit at position 7 on $auto$ff.cc:266:slice$281 ($dlatch) from module axi_lite_slave.
Setting constant 0-bit at position 8 on $auto$ff.cc:266:slice$281 ($dlatch) from module axi_lite_slave.
Setting constant 0-bit at position 9 on $auto$ff.cc:266:slice$281 ($dlatch) from module axi_lite_slave.
Setting constant 0-bit at position 10 on $auto$ff.cc:266:slice$281 ($dlatch) from module axi_lite_slave.
Setting constant 0-bit at position 11 on $auto$ff.cc:266:slice$281 ($dlatch) from module axi_lite_slave.
Setting constant 0-bit at position 12 on $auto$ff.cc:266:slice$281 ($dlatch) from module axi_lite_slave.
Setting constant 0-bit at position 13 on $auto$ff.cc:266:slice$281 ($dlatch) from module axi_lite_slave.
Setting constant 0-bit at position 14 on $auto$ff.cc:266:slice$281 ($dlatch) from module axi_lite_slave.
Setting constant 0-bit at position 15 on $auto$ff.cc:266:slice$281 ($dlatch) from module axi_lite_slave.
Setting constant 0-bit at position 16 on $auto$ff.cc:266:slice$281 ($dlatch) from module axi_lite_slave.
Setting constant 0-bit at position 17 on $auto$ff.cc:266:slice$281 ($dlatch) from module axi_lite_slave.
Setting constant 0-bit at position 18 on $auto$ff.cc:266:slice$281 ($dlatch) from module axi_lite_slave.
Setting constant 0-bit at position 19 on $auto$ff.cc:266:slice$281 ($dlatch) from module axi_lite_slave.
Setting constant 0-bit at position 20 on $auto$ff.cc:266:slice$281 ($dlatch) from module axi_lite_slave.
Setting constant 0-bit at position 21 on $auto$ff.cc:266:slice$281 ($dlatch) from module axi_lite_slave.
Setting constant 0-bit at position 22 on $auto$ff.cc:266:slice$281 ($dlatch) from module axi_lite_slave.
Setting constant 0-bit at position 23 on $auto$ff.cc:266:slice$281 ($dlatch) from module axi_lite_slave.
Setting constant 0-bit at position 24 on $auto$ff.cc:266:slice$281 ($dlatch) from module axi_lite_slave.
Setting constant 0-bit at position 25 on $auto$ff.cc:266:slice$281 ($dlatch) from module axi_lite_slave.
Setting constant 0-bit at position 26 on $auto$ff.cc:266:slice$281 ($dlatch) from module axi_lite_slave.
Setting constant 0-bit at position 27 on $auto$ff.cc:266:slice$281 ($dlatch) from module axi_lite_slave.
Setting constant 0-bit at position 28 on $auto$ff.cc:266:slice$281 ($dlatch) from module axi_lite_slave.
Setting constant 0-bit at position 29 on $auto$ff.cc:266:slice$281 ($dlatch) from module axi_lite_slave.
Setting constant 0-bit at position 30 on $auto$ff.cc:266:slice$281 ($dlatch) from module axi_lite_slave.
Setting constant 0-bit at position 0 on $auto$ff.cc:266:slice$272 ($dlatch) from module axi_lite_slave.
Setting constant 0-bit at position 1 on $auto$ff.cc:266:slice$272 ($dlatch) from module axi_lite_slave.
Setting constant 0-bit at position 2 on $auto$ff.cc:266:slice$272 ($dlatch) from module axi_lite_slave.
Setting constant 0-bit at position 3 on $auto$ff.cc:266:slice$272 ($dlatch) from module axi_lite_slave.
Setting constant 0-bit at position 4 on $auto$ff.cc:266:slice$272 ($dlatch) from module axi_lite_slave.
Setting constant 0-bit at position 5 on $auto$ff.cc:266:slice$272 ($dlatch) from module axi_lite_slave.
Setting constant 0-bit at position 6 on $auto$ff.cc:266:slice$272 ($dlatch) from module axi_lite_slave.
Setting constant 0-bit at position 7 on $auto$ff.cc:266:slice$272 ($dlatch) from module axi_lite_slave.
Setting constant 0-bit at position 8 on $auto$ff.cc:266:slice$272 ($dlatch) from module axi_lite_slave.
Setting constant 0-bit at position 9 on $auto$ff.cc:266:slice$272 ($dlatch) from module axi_lite_slave.
Setting constant 0-bit at position 10 on $auto$ff.cc:266:slice$272 ($dlatch) from module axi_lite_slave.
Setting constant 0-bit at position 11 on $auto$ff.cc:266:slice$272 ($dlatch) from module axi_lite_slave.
Setting constant 0-bit at position 12 on $auto$ff.cc:266:slice$272 ($dlatch) from module axi_lite_slave.
Setting constant 0-bit at position 13 on $auto$ff.cc:266:slice$272 ($dlatch) from module axi_lite_slave.
Setting constant 0-bit at position 14 on $auto$ff.cc:266:slice$272 ($dlatch) from module axi_lite_slave.
Setting constant 0-bit at position 15 on $auto$ff.cc:266:slice$272 ($dlatch) from module axi_lite_slave.
Setting constant 0-bit at position 16 on $auto$ff.cc:266:slice$272 ($dlatch) from module axi_lite_slave.
Setting constant 0-bit at position 17 on $auto$ff.cc:266:slice$272 ($dlatch) from module axi_lite_slave.
Setting constant 0-bit at position 18 on $auto$ff.cc:266:slice$272 ($dlatch) from module axi_lite_slave.
Setting constant 0-bit at position 19 on $auto$ff.cc:266:slice$272 ($dlatch) from module axi_lite_slave.
Setting constant 0-bit at position 20 on $auto$ff.cc:266:slice$272 ($dlatch) from module axi_lite_slave.
Setting constant 0-bit at position 21 on $auto$ff.cc:266:slice$272 ($dlatch) from module axi_lite_slave.
Setting constant 0-bit at position 22 on $auto$ff.cc:266:slice$272 ($dlatch) from module axi_lite_slave.
Setting constant 0-bit at position 23 on $auto$ff.cc:266:slice$272 ($dlatch) from module axi_lite_slave.
Setting constant 0-bit at position 24 on $auto$ff.cc:266:slice$272 ($dlatch) from module axi_lite_slave.
Setting constant 0-bit at position 25 on $auto$ff.cc:266:slice$272 ($dlatch) from module axi_lite_slave.
Setting constant 0-bit at position 26 on $auto$ff.cc:266:slice$272 ($dlatch) from module axi_lite_slave.
Setting constant 0-bit at position 27 on $auto$ff.cc:266:slice$272 ($dlatch) from module axi_lite_slave.
Setting constant 0-bit at position 28 on $auto$ff.cc:266:slice$272 ($dlatch) from module axi_lite_slave.
Setting constant 0-bit at position 29 on $auto$ff.cc:266:slice$272 ($dlatch) from module axi_lite_slave.

26.7. Executing OPT_CLEAN pass (remove unused cells and wires).
Finding unused cells or wires in module \axi_lite_slave..
Removed 5 unused cells and 5 unused wires.
<suppressed ~6 debug messages>

26.8. Executing OPT_EXPR pass (perform const folding).
Optimizing module axi_lite_slave.
<suppressed ~5 debug messages>

26.9. Rerunning OPT passes. (Maybe there is more to do..)

26.10. Executing OPT_MUXTREE pass (detect dead branches in mux trees).
Running muxtree optimizer on module \axi_lite_slave..
  Creating internal representation of mux trees.
  Evaluating internal representation of mux trees.
  Analyzing evaluation results.
Removed 0 multiplexer ports.
<suppressed ~7 debug messages>

26.11. Executing OPT_REDUCE pass (consolidate $*mux and $reduce_* inputs).
  Optimizing cells in module \axi_lite_slave.
Performed a total of 0 changes.

26.12. Executing OPT_MERGE pass (detect identical cells).
Finding identical cells in module `\axi_lite_slave'.
Removed a total of 0 cells.

26.13. Executing OPT_DFF pass (perform DFF optimizations).

26.14. Executing OPT_CLEAN pass (remove unused cells and wires).
Finding unused cells or wires in module \axi_lite_slave..

26.15. Executing OPT_EXPR pass (perform const folding).
Optimizing module axi_lite_slave.

26.16. Finished OPT passes. (There is nothing left to do.)

27. Executing WREDUCE pass (reducing word size of cells).
Removed top 1 bits (of 4) from port B of cell axi_lite_slave.$procmux$215_CMP0 ($eq).
Removed top 1 bits (of 2) from port B of cell axi_lite_slave.$procmux$221_CMP0 ($eq).
Removed top 1 bits (of 4) from port B of cell axi_lite_slave.$procmux$230_CMP0 ($eq).
Removed top 2 bits (of 3) from port B of cell axi_lite_slave.$auto$opt_dff.cc:195:make_patterns_logic$290 ($ne).
Removed top 31 bits (of 32) from wire axi_lite_slave.$0\reg_control[31:0].
Removed top 30 bits (of 32) from wire axi_lite_slave.$0\reg_status[31:0].
Removed top 31 bits (of 32) from wire axi_lite_slave.reg_control.
Removed top 30 bits (of 32) from wire axi_lite_slave.reg_status.

28. Executing PEEPOPT pass (run peephole optimizers).

29. Executing OPT_CLEAN pass (remove unused cells and wires).
Finding unused cells or wires in module \axi_lite_slave..
Removed 0 unused cells and 4 unused wires.
<suppressed ~1 debug messages>

30. Executing ALUMACC pass (create $alu and $macc cells).
Extracting $alu and $macc cells in module axi_lite_slave:
  created 0 $alu and 0 $macc cells.

31. Executing SHARE pass (SAT-based resource sharing).

32. Executing OPT pass (performing simple optimizations).

32.1. Executing OPT_EXPR pass (perform const folding).
Optimizing module axi_lite_slave.

32.2. Executing OPT_MERGE pass (detect identical cells).
Finding identical cells in module `\axi_lite_slave'.
Removed a total of 0 cells.

32.3. Executing OPT_MUXTREE pass (detect dead branches in mux trees).
Running muxtree optimizer on module \axi_lite_slave..
  Creating internal representation of mux trees.
  Evaluating internal representation of mux trees.
  Analyzing evaluation results.
Removed 0 multiplexer ports.
<suppressed ~7 debug messages>

32.4. Executing OPT_REDUCE pass (consolidate $*mux and $reduce_* inputs).
  Optimizing cells in module \axi_lite_slave.
Performed a total of 0 changes.

32.5. Executing OPT_MERGE pass (detect identical cells).
Finding identical cells in module `\axi_lite_slave'.
Removed a total of 0 cells.

32.6. Executing OPT_DFF pass (perform DFF optimizations).

32.7. Executing OPT_CLEAN pass (remove unused cells and wires).
Finding unused cells or wires in module \axi_lite_slave..

32.8. Executing OPT_EXPR pass (perform const folding).
Optimizing module axi_lite_slave.

32.9. Finished OPT passes. (There is nothing left to do.)

33. Executing MEMORY pass.

33.1. Executing OPT_MEM pass (optimize memories).
Performed a total of 0 transformations.

33.2. Executing OPT_MEM_PRIORITY pass (removing unnecessary memory write priority relations).
Performed a total of 0 transformations.

33.3. Executing OPT_MEM_FEEDBACK pass (finding memory read-to-write feedback paths).

33.4. Executing MEMORY_BMUX2ROM pass (converting muxes to ROMs).

33.5. Executing MEMORY_DFF pass (merging $dff cells to $memrd).

33.6. Executing OPT_CLEAN pass (remove unused cells and wires).
Finding unused cells or wires in module \axi_lite_slave..

33.7. Executing MEMORY_SHARE pass (consolidating $memrd/$memwr cells).

33.8. Executing OPT_MEM_WIDEN pass (optimize memories where all ports are wide).
Performed a total of 0 transformations.

33.9. Executing OPT_CLEAN pass (remove unused cells and wires).
Finding unused cells or wires in module \axi_lite_slave..

33.10. Executing MEMORY_COLLECT pass (generating $mem cells).

34. Executing OPT_CLEAN pass (remove unused cells and wires).
Finding unused cells or wires in module \axi_lite_slave..

35. Executing OPT pass (performing simple optimizations).

35.1. Executing OPT_EXPR pass (perform const folding).
Optimizing module axi_lite_slave.
<suppressed ~13 debug messages>

35.2. Executing OPT_MERGE pass (detect identical cells).
Finding identical cells in module `\axi_lite_slave'.
Removed a total of 0 cells.

35.3. Executing OPT_DFF pass (perform DFF optimizations).

35.4. Executing OPT_CLEAN pass (remove unused cells and wires).
Finding unused cells or wires in module \axi_lite_slave..
Removed 0 unused cells and 9 unused wires.
<suppressed ~1 debug messages>

35.5. Finished fast OPT passes.

36. Executing MEMORY_MAP pass (converting memories to logic and flip-flops).

37. Executing OPT pass (performing simple optimizations).

37.1. Executing OPT_EXPR pass (perform const folding).
Optimizing module axi_lite_slave.

37.2. Executing OPT_MERGE pass (detect identical cells).
Finding identical cells in module `\axi_lite_slave'.
Removed a total of 0 cells.

37.3. Executing OPT_MUXTREE pass (detect dead branches in mux trees).
Running muxtree optimizer on module \axi_lite_slave..
  Creating internal representation of mux trees.
  Evaluating internal representation of mux trees.
  Analyzing evaluation results.
Removed 0 multiplexer ports.
<suppressed ~3 debug messages>

37.4. Executing OPT_REDUCE pass (consolidate $*mux and $reduce_* inputs).
  Optimizing cells in module \axi_lite_slave.
Performed a total of 0 changes.

37.5. Executing OPT_MERGE pass (detect identical cells).
Finding identical cells in module `\axi_lite_slave'.
Removed a total of 0 cells.

37.6. Executing OPT_SHARE pass.

37.7. Executing OPT_DFF pass (perform DFF optimizations).

37.8. Executing OPT_CLEAN pass (remove unused cells and wires).
Finding unused cells or wires in module \axi_lite_slave..

37.9. Executing OPT_EXPR pass (perform const folding).
Optimizing module axi_lite_slave.

37.10. Finished OPT passes. (There is nothing left to do.)

38. Executing TECHMAP pass (map to technology primitives).

38.1. Executing Verilog-2005 frontend: /build/bin/../share/yosys/techmap.v
Parsing Verilog input from `/build/bin/../share/yosys/techmap.v' to AST representation.
Generating RTLIL representation for module `\_90_simplemap_bool_ops'.
Generating RTLIL representation for module `\_90_simplemap_reduce_ops'.
Generating RTLIL representation for module `\_90_simplemap_logic_ops'.
Generating RTLIL representation for module `\_90_simplemap_compare_ops'.
Generating RTLIL representation for module `\_90_simplemap_various'.
Generating RTLIL representation for module `\_90_simplemap_registers'.
Generating RTLIL representation for module `\_90_shift_ops_shr_shl_sshl_sshr'.
Generating RTLIL representation for module `\_90_shift_shiftx'.
Generating RTLIL representation for module `\_90_fa'.
Generating RTLIL representation for module `\_90_lcu'.
Generating RTLIL representation for module `\_90_alu'.
Generating RTLIL representation for module `\_90_macc'.
Generating RTLIL representation for module `\_90_alumacc'.
Generating RTLIL representation for module `\$__div_mod_u'.
Generating RTLIL representation for module `\$__div_mod_trunc'.
Generating RTLIL representation for module `\_90_div'.
Generating RTLIL representation for module `\_90_mod'.
Generating RTLIL representation for module `\$__div_mod_floor'.
Generating RTLIL representation for module `\_90_divfloor'.
Generating RTLIL representation for module `\_90_modfloor'.
Generating RTLIL representation for module `\_90_pow'.
Generating RTLIL representation for module `\_90_pmux'.
Generating RTLIL representation for module `\_90_demux'.
Generating RTLIL representation for module `\_90_lut'.
Successfully finished Verilog frontend.

38.2. Continuing TECHMAP pass.
Using extmapper simplemap for cells of type $logic_not.
Using extmapper simplemap for cells of type $logic_and.
Using extmapper simplemap for cells of type $eq.
Using template $paramod$b098bc6f249c0ac91c4d6e19d54b23c285914115\_90_pmux for cells of type $pmux.
Using extmapper simplemap for cells of type $not.
Using extmapper simplemap for cells of type $mux.
Using extmapper simplemap for cells of type $reduce_or.
Using template $paramod$521ce43182eecb9f60c72393a788160d2c356bf5\_90_pmux for cells of type $pmux.
Using extmapper simplemap for cells of type $adffe.
Using extmapper simplemap for cells of type $reduce_bool.
Using extmapper simplemap for cells of type $ne.
Using extmapper simplemap for cells of type $reduce_and.
Using extmapper simplemap for cells of type $xor.
Using extmapper simplemap for cells of type $and.
No more expansions possible.
<suppressed ~730 debug messages>

39. Executing OPT pass (performing simple optimizations).

39.1. Executing OPT_EXPR pass (perform const folding).
Optimizing module axi_lite_slave.
<suppressed ~160 debug messages>

39.2. Executing OPT_MERGE pass (detect identical cells).
Finding identical cells in module `\axi_lite_slave'.
<suppressed ~21 debug messages>
Removed a total of 7 cells.

39.3. Executing OPT_DFF pass (perform DFF optimizations).

39.4. Executing OPT_CLEAN pass (remove unused cells and wires).
Finding unused cells or wires in module \axi_lite_slave..
Removed 0 unused cells and 187 unused wires.
<suppressed ~1 debug messages>

39.5. Finished fast OPT passes.

40. Executing ABC pass (technology mapping using ABC).

40.1. Extracting gate netlist of module `\axi_lite_slave' to `<abc-temp-dir>/input.blif'..
Extracted 780 gates and 835 wires to a netlist network with 53 inputs and 48 outputs.

40.1.1. Executing ABC.
Running ABC command: "<yosys-exe-dir>/yosys-abc" -s -f <abc-temp-dir>/abc.script 2>&1
ABC: ABC command line: "source <abc-temp-dir>/abc.script".
ABC: 
ABC: + read_blif <abc-temp-dir>/input.blif 
ABC: + read_library <abc-temp-dir>/stdcells.genlib 
ABC: Entered genlib library with 13 gates from file "<abc-temp-dir>/stdcells.genlib".
ABC: + strash 
ABC: + dretime 
ABC: + map 
ABC: + write_blif <abc-temp-dir>/output.blif 

40.1.2. Re-integrating ABC results.
ABC RESULTS:               MUX cells:        2
ABC RESULTS:              NAND cells:        7
ABC RESULTS:               NOT cells:       63
ABC RESULTS:              XNOR cells:       88
ABC RESULTS:             ORNOT cells:       12
ABC RESULTS:               XOR cells:      388
ABC RESULTS:               AND cells:       34
ABC RESULTS:                OR cells:       81
ABC RESULTS:            ANDNOT cells:      115
ABC RESULTS:               NOR cells:       32
ABC RESULTS:        internal signals:      734
ABC RESULTS:           input signals:       53
ABC RESULTS:          output signals:       48
Removing temp directory.

41. Executing OPT pass (performing simple optimizations).

41.1. Executing OPT_EXPR pass (perform const folding).
Optimizing module axi_lite_slave.

41.2. Executing OPT_MERGE pass (detect identical cells).
Finding identical cells in module `\axi_lite_slave'.
<suppressed ~6 debug messages>
Removed a total of 2 cells.

41.3. Executing OPT_DFF pass (perform DFF optimizations).

41.4. Executing OPT_CLEAN pass (remove unused cells and wires).
Finding unused cells or wires in module \axi_lite_slave..
Removed 0 unused cells and 599 unused wires.
<suppressed ~99 debug messages>

41.5. Finished fast OPT passes.

42. Executing HIERARCHY pass (managing design hierarchy).

42.1. Analyzing design hierarchy..
Top module:  \axi_lite_slave

42.2. Analyzing design hierarchy..
Top module:  \axi_lite_slave
Removed 0 unused modules.

43. Printing statistics.

=== axi_lite_slave ===

   Number of wires:                812
   Number of wire bits:           1007
   Number of public wires:          28
   Number of public wire bits:     191
   Number of memories:               0
   Number of memory bits:            0
   Number of processes:              0
   Number of cells:                891
     $_ANDNOT_                     114
     $_AND_                         34
     $_DFFE_PN0P_                   71
     $_MUX_                          2
     $_NAND_                         7
     $_NOR_                         31
     $_NOT_                         63
     $_ORNOT_                       12
     $_OR_                          81
     $_XNOR_                        88
     $_XOR_                        388

44. Executing CHECK pass (checking for obvious problems).
Checking module axi_lite_slave...
Found and reported 0 problems.

45. Generating Graphviz representation of design.
Writing dot description to `/home/nitis/OpenLane/designs/axi_aes_sbox/runs/final_clean_run/tmp/synthesis/post_techmap.dot'.
Dumping module axi_lite_slave to page 1.

46. Executing SHARE pass (SAT-based resource sharing).

47. Executing OPT pass (performing simple optimizations).

47.1. Executing OPT_EXPR pass (perform const folding).
Optimizing module axi_lite_slave.

47.2. Executing OPT_MERGE pass (detect identical cells).
Finding identical cells in module `\axi_lite_slave'.
Removed a total of 0 cells.

47.3. Executing OPT_MUXTREE pass (detect dead branches in mux trees).
Running muxtree optimizer on module \axi_lite_slave..
  Creating internal representation of mux trees.
  No muxes found in this module.
Removed 0 multiplexer ports.

47.4. Executing OPT_REDUCE pass (consolidate $*mux and $reduce_* inputs).
  Optimizing cells in module \axi_lite_slave.
Performed a total of 0 changes.

47.5. Executing OPT_MERGE pass (detect identical cells).
Finding identical cells in module `\axi_lite_slave'.
Removed a total of 0 cells.

47.6. Executing OPT_DFF pass (perform DFF optimizations).

47.7. Executing OPT_CLEAN pass (remove unused cells and wires).
Finding unused cells or wires in module \axi_lite_slave..

47.8. Executing OPT_EXPR pass (perform const folding).
Optimizing module axi_lite_slave.

47.9. Finished OPT passes. (There is nothing left to do.)

48. Executing OPT_CLEAN pass (remove unused cells and wires).
Finding unused cells or wires in module \axi_lite_slave..
Removed 0 unused cells and 5 unused wires.
<suppressed ~5 debug messages>

49. Printing statistics.

=== axi_lite_slave ===

   Number of wires:                807
   Number of wire bits:            943
   Number of public wires:          23
   Number of public wire bits:     127
   Number of memories:               0
   Number of memory bits:            0
   Number of processes:              0
   Number of cells:                891
     $_ANDNOT_                     114
     $_AND_                         34
     $_DFFE_PN0P_                   71
     $_MUX_                          2
     $_NAND_                         7
     $_NOR_                         31
     $_NOT_                         63
     $_ORNOT_                       12
     $_OR_                          81
     $_XNOR_                        88
     $_XOR_                        388

mapping tbuf

50. Executing TECHMAP pass (map to technology primitives).

50.1. Executing Verilog-2005 frontend: /home/nitis/.ciel/sky130A/libs.tech/openlane/sky130_fd_sc_hd/tribuff_map.v
Parsing Verilog input from `/home/nitis/.ciel/sky130A/libs.tech/openlane/sky130_fd_sc_hd/tribuff_map.v' to AST representation.
Generating RTLIL representation for module `\$_TBUF_'.
Successfully finished Verilog frontend.

50.2. Continuing TECHMAP pass.
No more expansions possible.
<suppressed ~3 debug messages>

51. Executing SIMPLEMAP pass (map simple cells to gate primitives).

52. Executing TECHMAP pass (map to technology primitives).

52.1. Executing Verilog-2005 frontend: /home/nitis/.ciel/sky130A/libs.tech/openlane/sky130_fd_sc_hd/latch_map.v
Parsing Verilog input from `/home/nitis/.ciel/sky130A/libs.tech/openlane/sky130_fd_sc_hd/latch_map.v' to AST representation.
Generating RTLIL representation for module `\$_DLATCH_P_'.
Generating RTLIL representation for module `\$_DLATCH_N_'.
Successfully finished Verilog frontend.

52.2. Continuing TECHMAP pass.
No more expansions possible.
<suppressed ~4 debug messages>

53. Executing SIMPLEMAP pass (map simple cells to gate primitives).

54. Executing DFFLIBMAP pass (mapping DFF cells to sequential cells from liberty file).
  cell sky130_fd_sc_hd__dfxtp_2 (noninv, pins=3, area=21.27) is a direct match for cell type $_DFF_P_.
  cell sky130_fd_sc_hd__dfrtp_2 (noninv, pins=4, area=26.28) is a direct match for cell type $_DFF_PN0_.
  cell sky130_fd_sc_hd__dfstp_2 (noninv, pins=4, area=26.28) is a direct match for cell type $_DFF_PN1_.
  cell sky130_fd_sc_hd__dfbbn_2 (noninv, pins=6, area=35.03) is a direct match for cell type $_DFFSR_NNN_.
  final dff cell mappings:
    unmapped dff cell: $_DFF_N_
    \sky130_fd_sc_hd__dfxtp_2 _DFF_P_ (.CLK( C), .D( D), .Q( Q));
    unmapped dff cell: $_DFF_NN0_
    unmapped dff cell: $_DFF_NN1_
    unmapped dff cell: $_DFF_NP0_
    unmapped dff cell: $_DFF_NP1_
    \sky130_fd_sc_hd__dfrtp_2 _DFF_PN0_ (.CLK( C), .D( D), .Q( Q), .RESET_B( R));
    \sky130_fd_sc_hd__dfstp_2 _DFF_PN1_ (.CLK( C), .D( D), .Q( Q), .SET_B( R));
    unmapped dff cell: $_DFF_PP0_
    unmapped dff cell: $_DFF_PP1_
    \sky130_fd_sc_hd__dfbbn_2 _DFFSR_NNN_ (.CLK_N( C), .D( D), .Q( Q), .Q_N(~Q), .RESET_B( R), .SET_B( S));
    unmapped dff cell: $_DFFSR_NNP_
    unmapped dff cell: $_DFFSR_NPN_
    unmapped dff cell: $_DFFSR_NPP_
    unmapped dff cell: $_DFFSR_PNN_
    unmapped dff cell: $_DFFSR_PNP_
    unmapped dff cell: $_DFFSR_PPN_
    unmapped dff cell: $_DFFSR_PPP_

54.1. Executing DFFLEGALIZE pass (convert FFs to types supported by the target).
Mapping DFF cells in module `\axi_lite_slave':
  mapped 71 $_DFF_PN0_ cells to \sky130_fd_sc_hd__dfrtp_2 cells.

55. Printing statistics.

=== axi_lite_slave ===

   Number of wires:                878
   Number of wire bits:           1014
   Number of public wires:          23
   Number of public wire bits:     127
   Number of memories:               0
   Number of memory bits:            0
   Number of processes:              0
   Number of cells:                962
     $_ANDNOT_                     114
     $_AND_                         34
     $_MUX_                         73
     $_NAND_                         7
     $_NOR_                         31
     $_NOT_                         63
     $_ORNOT_                       12
     $_OR_                          81
     $_XNOR_                        88
     $_XOR_                        388
     sky130_fd_sc_hd__dfrtp_2       71

[INFO]: USING STRATEGY AREA 0

56. Executing ABC pass (technology mapping using ABC).

56.1. Extracting gate netlist of module `\axi_lite_slave' to `/tmp/yosys-abc-OJ6ZFj/input.blif'..
Extracted 891 gates and 1007 wires to a netlist network with 116 inputs and 73 outputs.

56.1.1. Executing ABC.
Running ABC command: "/build/bin/yosys-abc" -s -f /tmp/yosys-abc-OJ6ZFj/abc.script 2>&1
ABC: ABC command line: "source /tmp/yosys-abc-OJ6ZFj/abc.script".
ABC: 
ABC: + read_blif /tmp/yosys-abc-OJ6ZFj/input.blif 
ABC: + read_lib -w /home/nitis/OpenLane/designs/axi_aes_sbox/runs/final_clean_run/tmp/synthesis/trimmed.lib 
ABC: Parsing finished successfully.  Parsing time =     0.04 sec
ABC: Scl_LibertyReadGenlib() skipped sequential cell "sky130_fd_sc_hd__dfbbn_2".
ABC: Scl_LibertyReadGenlib() skipped sequential cell "sky130_fd_sc_hd__dfrbp_2".
ABC: Scl_LibertyReadGenlib() skipped sequential cell "sky130_fd_sc_hd__dfrtp_2".
ABC: Scl_LibertyReadGenlib() skipped sequential cell "sky130_fd_sc_hd__dfrtp_4".
ABC: Scl_LibertyReadGenlib() skipped sequential cell "sky130_fd_sc_hd__dfsbp_2".
ABC: Scl_LibertyReadGenlib() skipped sequential cell "sky130_fd_sc_hd__dfstp_2".
ABC: Scl_LibertyReadGenlib() skipped sequential cell "sky130_fd_sc_hd__dfstp_4".
ABC: Scl_LibertyReadGenlib() skipped sequential cell "sky130_fd_sc_hd__dfxbp_2".
ABC: Scl_LibertyReadGenlib() skipped sequential cell "sky130_fd_sc_hd__dfxtp_2".
ABC: Scl_LibertyReadGenlib() skipped sequential cell "sky130_fd_sc_hd__dfxtp_4".
ABC: Scl_LibertyReadGenlib() skipped sequential cell "sky130_fd_sc_hd__dlxtn_1".
ABC: Scl_LibertyReadGenlib() skipped sequential cell "sky130_fd_sc_hd__dlxtn_2".
ABC: Scl_LibertyReadGenlib() skipped sequential cell "sky130_fd_sc_hd__dlxtn_4".
ABC: Scl_LibertyReadGenlib() skipped sequential cell "sky130_fd_sc_hd__dlxtp_1".
ABC: Scl_LibertyReadGenlib() skipped three-state cell "sky130_fd_sc_hd__ebufn_2".
ABC: Scl_LibertyReadGenlib() skipped three-state cell "sky130_fd_sc_hd__ebufn_4".
ABC: Scl_LibertyReadGenlib() skipped three-state cell "sky130_fd_sc_hd__ebufn_8".
ABC: Library "sky130A_merged" from "/home/nitis/OpenLane/designs/axi_aes_sbox/runs/final_clean_run/tmp/synthesis/trimmed.lib" has 175 cells (17 skipped: 14 seq; 3 tri-state; 0 no func; 0 dont_use).  Time =     0.07 sec
ABC: Memory =    9.54 MB. Time =     0.07 sec
ABC: Warning: Detected 2 multi-output gates (for example, "sky130_fd_sc_hd__fa_1").
ABC: + read_constr -v /home/nitis/OpenLane/designs/axi_aes_sbox/runs/final_clean_run/tmp/synthesis/synthesis.sdc 
ABC: Setting driving cell to be "sky130_fd_sc_hd__inv_2".
ABC: Setting output load to be 33.442001.
ABC: + read_constr /home/nitis/OpenLane/designs/axi_aes_sbox/runs/final_clean_run/tmp/synthesis/synthesis.sdc 
ABC: + fx 
ABC: + mfs 
ABC: + strash 
ABC: + refactor 
ABC: + balance 
ABC: + rewrite 
ABC: + refactor 
ABC: + balance 
ABC: + rewrite 
ABC: + rewrite -z 
ABC: + balance 
ABC: + refactor -z 
ABC: + rewrite -z 
ABC: + balance 
ABC: + retime -D -D 10000.0 -M 5 
ABC: + scleanup 
ABC: Error: The network is combinational.
ABC: + fraig_store 
ABC: + balance 
ABC: + fraig_store 
ABC: + balance 
ABC: + rewrite 
ABC: + refactor 
ABC: + balance 
ABC: + rewrite 
ABC: + rewrite -z 
ABC: + balance 
ABC: + refactor -z 
ABC: + rewrite -z 
ABC: + balance 
ABC: + fraig_store 
ABC: + balance 
ABC: + rewrite 
ABC: + refactor 
ABC: + balance 
ABC: + rewrite 
ABC: + rewrite -z 
ABC: + balance 
ABC: + refactor -z 
ABC: + rewrite -z 
ABC: + balance 
ABC: + fraig_store 
ABC: + balance 
ABC: + rewrite 
ABC: + refactor 
ABC: + balance 
ABC: + rewrite 
ABC: + rewrite -z 
ABC: + balance 
ABC: + refactor -z 
ABC: + rewrite -z 
ABC: + balance 
ABC: + fraig_store 
ABC: + fraig_restore 
ABC: + amap -m -Q 0.1 -F 20 -A 20 -C 5000 
ABC: + retime -D -D 10000.0 
ABC: + &get -n 
ABC: + &st 
ABC: + &dch 
ABC: + &nf 
ABC: + &put 
ABC: + buffer -N 10 -S 750.0 
ABC: + upsize -D 10000.0 
ABC: Current delay (5461.56 ps) does not exceed the target delay (10000.00 ps). Upsizing is not performed.
ABC: + dnsize -D 10000.0 
ABC: + stime -p 
ABC: WireLoad = "none"  Gates =    727 ( 13.8 %)   Cap = 11.3 ff (  3.3 %)   Area =     7442.14 ( 85.8 %)   Delay =  5732.79 ps  ( 14.6 %)               
ABC: Path  0 --      19 : 0    5 pi                       A =   0.00  Df = 100.8  -54.8 ps  S = 148.2 ps  Cin =  0.0 ff  Cout =  31.3 ff  Cmax =   0.0 ff  G =    0  
ABC: Path  1 --     197 : 2    5 sky130_fd_sc_hd__xnor2_2 A =  16.27  Df = 394.4  -50.6 ps  S = 384.8 ps  Cin =  8.5 ff  Cout =  27.5 ff  Cmax = 121.8 ff  G =  310  
ABC: Path  2 --     198 : 2    2 sky130_fd_sc_hd__xor2_2  A =  16.27  Df = 747.4 -196.7 ps  S = 259.0 ps  Cin =  8.6 ff  Cout =  17.8 ff  Cmax = 130.0 ff  G =  201  
ABC: Path  3 --     199 : 2    4 sky130_fd_sc_hd__xnor2_2 A =  16.27  Df =1017.2 -153.1 ps  S = 355.5 ps  Cin =  8.5 ff  Cout =  24.9 ff  Cmax = 121.8 ff  G =  281  
ABC: Path  4 --     203 : 2    1 sky130_fd_sc_hd__or2_2   A =   6.26  Df =1361.1 -281.0 ps  S =  72.1 ps  Cin =  1.5 ff  Cout =   9.0 ff  Cmax = 299.4 ff  G =  598  
ABC: Path  5 --     209 : 2    3 sky130_fd_sc_hd__xnor2_2 A =  16.27  Df =1614.0 -229.0 ps  S = 248.9 ps  Cin =  8.5 ff  Cout =  15.7 ff  Cmax = 121.8 ff  G =  176  
ABC: Path  6 --     221 : 3    3 sky130_fd_sc_hd__a21oi_2 A =   8.76  Df =1680.9  -90.4 ps  S = 134.1 ps  Cin =  4.6 ff  Cout =   7.8 ff  Cmax = 128.2 ff  G =  161  
ABC: Path  7 --     227 : 3    2 sky130_fd_sc_hd__or3b_2  A =   8.76  Df =2127.0 -161.3 ps  S =  80.5 ps  Cin =  1.5 ff  Cout =   4.1 ff  Cmax = 269.2 ff  G =  255  
ABC: Path  8 --     237 : 4    3 sky130_fd_sc_hd__a211o_2 A =  10.01  Df =2485.2 -249.2 ps  S =  63.5 ps  Cin =  2.4 ff  Cout =   8.9 ff  Cmax = 325.0 ff  G =  359  
ABC: Path  9 --     253 : 3    1 sky130_fd_sc_hd__mux2_2  A =  11.26  Df =2772.6 -295.4 ps  S =  66.2 ps  Cin =  2.3 ff  Cout =   8.5 ff  Cmax = 297.6 ff  G =  360  
ABC: Path 10 --     254 : 2    3 sky130_fd_sc_hd__xor2_2  A =  16.27  Df =2938.1 -201.3 ps  S = 191.5 ps  Cin =  8.6 ff  Cout =  11.8 ff  Cmax = 130.0 ff  G =  134  
ABC: Path 11 --     255 : 2    2 sky130_fd_sc_hd__xnor2_2 A =  16.27  Df =3083.8 -145.9 ps  S = 139.2 ps  Cin =  8.5 ff  Cout =   6.2 ff  Cmax = 121.8 ff  G =   69  
ABC: Path 12 --     256 : 2    1 sky130_fd_sc_hd__and2_2  A =   7.51  Df =3235.3 -110.1 ps  S =  36.9 ps  Cin =  1.5 ff  Cout =   2.2 ff  Cmax = 303.0 ff  G =  143  
ABC: Path 13 --     257 : 1    3 sky130_fd_sc_hd__buf_1   A =   3.75  Df =3505.6 -201.7 ps  S = 324.0 ps  Cin =  2.1 ff  Cout =  27.1 ff  Cmax = 130.0 ff  G = 1238  
ABC: Path 14 --     291 : 2    2 sky130_fd_sc_hd__xnor2_2 A =  16.27  Df =3788.9 -188.2 ps  S = 270.0 ps  Cin =  8.5 ff  Cout =  17.5 ff  Cmax = 121.8 ff  G =  200  
ABC: Path 15 --     292 : 2    1 sky130_fd_sc_hd__xnor2_2 A =  16.27  Df =3972.6 -146.8 ps  S = 166.0 ps  Cin =  8.5 ff  Cout =   8.5 ff  Cmax = 121.8 ff  G =   96  
ABC: Path 16 --     293 : 2    3 sky130_fd_sc_hd__xor2_2  A =  16.27  Df =4229.1 -224.9 ps  S = 231.6 ps  Cin =  8.6 ff  Cout =  15.5 ff  Cmax = 130.0 ff  G =  173  
ABC: Path 17 --     315 : 2    2 sky130_fd_sc_hd__xor2_2  A =  16.27  Df =4554.0 -336.0 ps  S = 255.4 ps  Cin =  8.6 ff  Cout =  17.5 ff  Cmax = 130.0 ff  G =  196  
ABC: Path 18 --     316 : 2    1 sky130_fd_sc_hd__xor2_2  A =  16.27  Df =4786.7 -398.8 ps  S = 165.0 ps  Cin =  8.6 ff  Cout =   8.4 ff  Cmax = 130.0 ff  G =   96  
ABC: Path 19 --     317 : 2    2 sky130_fd_sc_hd__xnor2_2 A =  16.27  Df =4967.2 -427.2 ps  S = 150.7 ps  Cin =  8.5 ff  Cout =   7.2 ff  Cmax = 121.8 ff  G =   79  
ABC: Path 20 --     320 : 3    1 sky130_fd_sc_hd__a21o_2  A =   8.76  Df =5184.3 -494.5 ps  S =  44.7 ps  Cin =  2.4 ff  Cout =   4.7 ff  Cmax = 309.5 ff  G =  188  
ABC: Path 21 --     325 : 3    1 sky130_fd_sc_hd__o21ai_2 A =   8.76  Df =5272.4 -151.8 ps  S =  74.2 ps  Cin =  4.5 ff  Cout =   1.8 ff  Cmax = 139.2 ff  G =   37  
ABC: Path 22 --     326 : 3    1 sky130_fd_sc_hd__mux2_2  A =  11.26  Df =5411.9  -42.8 ps  S =  45.5 ps  Cin =  2.3 ff  Cout =   2.2 ff  Cmax = 297.6 ff  G =   92  
ABC: Path 23 --     327 : 1    1 sky130_fd_sc_hd__buf_1   A =   3.75  Df =5732.8 -144.8 ps  S = 396.5 ps  Cin =  2.1 ff  Cout =  33.4 ff  Cmax = 130.0 ff  G = 1590  
ABC: Start-point = pi18 (\crypto_core_inst.data_in [5]).  End-point = po4 ($auto$rtlil.cc:2607:MuxGate$2422).
ABC: + print_stats -m 
ABC: netlist                       : i/o =  116/   73  lat =    0  nd =   727  edge =   1704  area =7443.33  delay =23.00  lev = 23
ABC: + write_blif /tmp/yosys-abc-OJ6ZFj/output.blif 

56.1.2. Re-integrating ABC results.
ABC RESULTS:   sky130_fd_sc_hd__a211o_2 cells:        1
ABC RESULTS:   sky130_fd_sc_hd__o22ai_2 cells:        1
ABC RESULTS:   sky130_fd_sc_hd__a311o_2 cells:        2
ABC RESULTS:   sky130_fd_sc_hd__o21bai_2 cells:        2
ABC RESULTS:   sky130_fd_sc_hd__o32a_2 cells:        1
ABC RESULTS:   sky130_fd_sc_hd__o21ba_2 cells:        1
ABC RESULTS:   sky130_fd_sc_hd__o2111a_2 cells:        1
ABC RESULTS:   sky130_fd_sc_hd__a211oi_2 cells:        1
ABC RESULTS:   sky130_fd_sc_hd__or3b_2 cells:        6
ABC RESULTS:   sky130_fd_sc_hd__o22a_2 cells:        5
ABC RESULTS:   sky130_fd_sc_hd__or3_2 cells:        4
ABC RESULTS:   sky130_fd_sc_hd__a21boi_2 cells:        6
ABC RESULTS:   sky130_fd_sc_hd__nor2b_2 cells:        3
ABC RESULTS:   sky130_fd_sc_hd__a32o_2 cells:        5
ABC RESULTS:   sky130_fd_sc_hd__and2b_2 cells:        9
ABC RESULTS:   sky130_fd_sc_hd__o221a_2 cells:        2
ABC RESULTS:   sky130_fd_sc_hd__or2b_2 cells:        5
ABC RESULTS:   sky130_fd_sc_hd__nor2_2 cells:       31
ABC RESULTS:   sky130_fd_sc_hd__o211a_2 cells:        4
ABC RESULTS:   sky130_fd_sc_hd__a21bo_2 cells:        5
ABC RESULTS:   sky130_fd_sc_hd__nand3b_2 cells:        4
ABC RESULTS:   sky130_fd_sc_hd__xor2_2 cells:       84
ABC RESULTS:   sky130_fd_sc_hd__a21o_2 cells:       39
ABC RESULTS:   sky130_fd_sc_hd__a31o_2 cells:       10
ABC RESULTS:   sky130_fd_sc_hd__a22o_2 cells:       12
ABC RESULTS:   sky130_fd_sc_hd__xnor2_2 cells:      122
ABC RESULTS:   sky130_fd_sc_hd__a221o_2 cells:       10
ABC RESULTS:   sky130_fd_sc_hd__nand3_2 cells:       27
ABC RESULTS:   sky130_fd_sc_hd__or4_2 cells:        1
ABC RESULTS:   sky130_fd_sc_hd__nand2_2 cells:       37
ABC RESULTS:   sky130_fd_sc_hd__o21ai_2 cells:       10
ABC RESULTS:   sky130_fd_sc_hd__o21a_2 cells:        3
ABC RESULTS:   sky130_fd_sc_hd__and2_2 cells:       15
ABC RESULTS:   sky130_fd_sc_hd__or2_2 cells:       48
ABC RESULTS:   sky130_fd_sc_hd__a21oi_2 cells:       19
ABC RESULTS:   sky130_fd_sc_hd__mux2_2 cells:       79
ABC RESULTS:   sky130_fd_sc_hd__and3_2 cells:       12
ABC RESULTS:   sky130_fd_sc_hd__buf_1 cells:       81
ABC RESULTS:   sky130_fd_sc_hd__inv_2 cells:       19
ABC RESULTS:        internal signals:      818
ABC RESULTS:           input signals:      116
ABC RESULTS:          output signals:       73
Removing temp directory.

57. Executing SETUNDEF pass (replace undef values with defined constants).

58. Executing HILOMAP pass (mapping to constant drivers).

59. Executing SPLITNETS pass (splitting up multi-bit signals).

60. Executing OPT_CLEAN pass (remove unused cells and wires).
Finding unused cells or wires in module \axi_lite_slave..
Removed 0 unused cells and 1011 unused wires.
<suppressed ~3 debug messages>

61. Executing INSBUF pass (insert buffer cells for connected wires).
Add axi_lite_slave/$auto$insbuf.cc:97:execute$3295: \s_axi_awready -> \s_axi_wready

62. Executing CHECK pass (checking for obvious problems).
Checking module axi_lite_slave...
Warning: Wire axi_lite_slave.\s_axi_wready is used but has no driver.
Warning: Wire axi_lite_slave.\s_axi_rvalid is used but has no driver.
Warning: Wire axi_lite_slave.\s_axi_rresp [1] is used but has no driver.
Warning: Wire axi_lite_slave.\s_axi_rresp [0] is used but has no driver.
Warning: Wire axi_lite_slave.\s_axi_rdata [31] is used but has no driver.
Warning: Wire axi_lite_slave.\s_axi_rdata [30] is used but has no driver.
Warning: Wire axi_lite_slave.\s_axi_rdata [29] is used but has no driver.
Warning: Wire axi_lite_slave.\s_axi_rdata [28] is used but has no driver.
Warning: Wire axi_lite_slave.\s_axi_rdata [27] is used but has no driver.
Warning: Wire axi_lite_slave.\s_axi_rdata [26] is used but has no driver.
Warning: Wire axi_lite_slave.\s_axi_rdata [25] is used but has no driver.
Warning: Wire axi_lite_slave.\s_axi_rdata [24] is used but has no driver.
Warning: Wire axi_lite_slave.\s_axi_rdata [23] is used but has no driver.
Warning: Wire axi_lite_slave.\s_axi_rdata [22] is used but has no driver.
Warning: Wire axi_lite_slave.\s_axi_rdata [21] is used but has no driver.
Warning: Wire axi_lite_slave.\s_axi_rdata [20] is used but has no driver.
Warning: Wire axi_lite_slave.\s_axi_rdata [19] is used but has no driver.
Warning: Wire axi_lite_slave.\s_axi_rdata [18] is used but has no driver.
Warning: Wire axi_lite_slave.\s_axi_rdata [17] is used but has no driver.
Warning: Wire axi_lite_slave.\s_axi_rdata [16] is used but has no driver.
Warning: Wire axi_lite_slave.\s_axi_rdata [15] is used but has no driver.
Warning: Wire axi_lite_slave.\s_axi_rdata [14] is used but has no driver.
Warning: Wire axi_lite_slave.\s_axi_rdata [13] is used but has no driver.
Warning: Wire axi_lite_slave.\s_axi_rdata [12] is used but has no driver.
Warning: Wire axi_lite_slave.\s_axi_rdata [11] is used but has no driver.
Warning: Wire axi_lite_slave.\s_axi_rdata [10] is used but has no driver.
Warning: Wire axi_lite_slave.\s_axi_rdata [9] is used but has no driver.
Warning: Wire axi_lite_slave.\s_axi_rdata [8] is used but has no driver.
Warning: Wire axi_lite_slave.\s_axi_rdata [7] is used but has no driver.
Warning: Wire axi_lite_slave.\s_axi_rdata [6] is used but has no driver.
Warning: Wire axi_lite_slave.\s_axi_rdata [5] is used but has no driver.
Warning: Wire axi_lite_slave.\s_axi_rdata [4] is used but has no driver.
Warning: Wire axi_lite_slave.\s_axi_rdata [3] is used but has no driver.
Warning: Wire axi_lite_slave.\s_axi_rdata [2] is used but has no driver.
Warning: Wire axi_lite_slave.\s_axi_rdata [1] is used but has no driver.
Warning: Wire axi_lite_slave.\s_axi_rdata [0] is used but has no driver.
Warning: Wire axi_lite_slave.\s_axi_bvalid is used but has no driver.
Warning: Wire axi_lite_slave.\s_axi_bresp [1] is used but has no driver.
Warning: Wire axi_lite_slave.\s_axi_bresp [0] is used but has no driver.
Warning: Wire axi_lite_slave.\s_axi_awready is used but has no driver.
Warning: Wire axi_lite_slave.\s_axi_arready is used but has no driver.
Found and reported 41 problems.

63. Printing statistics.

=== axi_lite_slave ===

   Number of wires:                780
   Number of wire bits:            850
   Number of public wires:          55
   Number of public wire bits:     125
   Number of memories:               0
   Number of memory bits:            0
   Number of processes:              0
   Number of cells:                803
     sky130_fd_sc_hd__a211o_2        1
     sky130_fd_sc_hd__a211oi_2       1
     sky130_fd_sc_hd__a21bo_2        5
     sky130_fd_sc_hd__a21boi_2       6
     sky130_fd_sc_hd__a21o_2        39
     sky130_fd_sc_hd__a21oi_2       19
     sky130_fd_sc_hd__a221o_2       10
     sky130_fd_sc_hd__a22o_2        12
     sky130_fd_sc_hd__a311o_2        2
     sky130_fd_sc_hd__a31o_2        10
     sky130_fd_sc_hd__a32o_2         5
     sky130_fd_sc_hd__and2_2        15
     sky130_fd_sc_hd__and2b_2        9
     sky130_fd_sc_hd__and3_2        12
     sky130_fd_sc_hd__buf_1         81
     sky130_fd_sc_hd__buf_2          1
     sky130_fd_sc_hd__conb_1         4
     sky130_fd_sc_hd__dfrtp_2       71
     sky130_fd_sc_hd__inv_2         19
     sky130_fd_sc_hd__mux2_2        79
     sky130_fd_sc_hd__nand2_2       37
     sky130_fd_sc_hd__nand3_2       27
     sky130_fd_sc_hd__nand3b_2       4
     sky130_fd_sc_hd__nor2_2        31
     sky130_fd_sc_hd__nor2b_2        3
     sky130_fd_sc_hd__o2111a_2       1
     sky130_fd_sc_hd__o211a_2        4
     sky130_fd_sc_hd__o21a_2         3
     sky130_fd_sc_hd__o21ai_2       10
     sky130_fd_sc_hd__o21ba_2        1
     sky130_fd_sc_hd__o21bai_2       2
     sky130_fd_sc_hd__o221a_2        2
     sky130_fd_sc_hd__o22a_2         5
     sky130_fd_sc_hd__o22ai_2        1
     sky130_fd_sc_hd__o32a_2         1
     sky130_fd_sc_hd__or2_2         48
     sky130_fd_sc_hd__or2b_2         5
     sky130_fd_sc_hd__or3_2          4
     sky130_fd_sc_hd__or3b_2         6
     sky130_fd_sc_hd__or4_2          1
     sky130_fd_sc_hd__xnor2_2      122
     sky130_fd_sc_hd__xor2_2        84

   Chip area for module '\axi_lite_slave': 9327.696000

64. Executing Verilog backend.
Dumping module `\axi_lite_slave'.

Warnings: 42 unique messages, 42 total
End of script. Logfile hash: 20f7aed892, CPU: user 1.00s system 0.03s, MEM: 31.12 MB peak
Yosys 0.30+48 (git sha1 14d50a176d5, gcc 8.3.1 -fPIC -Os)
Time spent: 67% 2x abc (2 sec), 9% 17x opt_expr (0 sec), ...
